Added Member To Class: ClassName=sch Member=Component BT1 Jumper 2
Added Member To Class: ClassName=sch Member=Component C1 100uF
Added Member To Class: ClassName=sch Member=Component C2 100uF
Added Member To Class: ClassName=sch Member=Component C3 100nF
Added Member To Class: ClassName=sch Member=Component C4 100nF
Added Member To Class: ClassName=sch Member=Component C5 100nF
Added Member To Class: ClassName=sch Member=Component C6 100nF
Added Member To Class: ClassName=sch Member=Component C7 100nF
Added Member To Class: ClassName=sch Member=Component C8 100nF
Added Member To Class: ClassName=sch Member=Component C9 100nF
Added Member To Class: ClassName=sch Member=Component C10 100nF
Added Member To Class: ClassName=sch Member=Component IC1 LM7805
Added Member To Class: ClassName=sch Member=Component J1 B4B-XH-A
Added Member To Class: ClassName=sch Member=Component J2 B4B-XH-A
Added Member To Class: ClassName=sch Member=Component J3 B4B-XH-A
Added Member To Class: ClassName=sch Member=Component J4 B4B-XH-A
Added Member To Class: ClassName=sch Member=Component J5 Terminals
Added Member To Class: ClassName=sch Member=Component J6 Terminals
Added Member To Class: ClassName=sch Member=Component J7 Jumper 2
Added Member To Class: ClassName=sch Member=Component J8 Terminals
Added Member To Class: ClassName=sch Member=Component J9 Terminals
Added Member To Class: ClassName=sch Member=Component J10 Terminals
Added Member To Class: ClassName=sch Member=Component J15 Terminals
Added Member To Class: ClassName=sch Member=Component JDC Jac DC
Added Member To Class: ClassName=sch Member=Component LCD1 LCD TFT 2.2
Added Member To Class: ClassName=sch Member=Component R1 1k
Added Member To Class: ClassName=sch Member=Component R2 1k
Added Member To Class: ClassName=sch Member=Component R3 1k
Added Member To Class: ClassName=sch Member=Component R4 1k
Added Member To Class: ClassName=sch Member=Component R5 1k
Added Member To Class: ClassName=sch Member=Component R6 1k
Added Member To Class: ClassName=sch Member=Component R7 1k
Added Member To Class: ClassName=sch Member=Component R8 1k
Added Member To Class: ClassName=sch Member=Component R9 1k
Added Member To Class: ClassName=sch Member=Component R10 1k
Added Member To Class: ClassName=sch Member=Component R11 1k
Added Member To Class: ClassName=sch Member=Component R12 1k
Added Member To Class: ClassName=sch Member=Component R13 1k
Added Member To Class: ClassName=sch Member=Component R14 1k
Added Member To Class: ClassName=sch Member=Component R15 1k
Added Member To Class: ClassName=sch Member=Component R16 1k
Added Member To Class: ClassName=sch Member=Component R17 1k
Added Member To Class: ClassName=sch Member=Component R18 1k
Added Member To Class: ClassName=sch Member=Component R25 1k
Added Member To Class: ClassName=sch Member=Component STM1 stm32f103c8t6
Added Member To Class: ClassName=sch Member=Component T1 UART
Added Member To Class: ClassName=sch Member=Component TMC1 tmc2209
Added Member To Class: ClassName=sch Member=Component TMC2 tmc2209
Added Member To Class: ClassName=sch Member=Component TMC3 tmc2209
Added Member To Class: ClassName=sch Member=Component TMC4 tmc2209
Added Member To Class: ClassName=sch Member=Component U1 PC817
Added Member To Class: ClassName=sch Member=Component U2 PC817
Added Member To Class: ClassName=sch Member=Component U3 PC817
Added Member To Class: ClassName=sch Member=Component U4 PC817
Added Member To Class: ClassName=sch Member=Component U5 PC817
Added Member To Class: ClassName=sch Member=Component U6 PC817
Added Member To Class: ClassName=sch Member=Component U7 PC817
Added Member To Class: ClassName=sch Member=Component U8 PC817
Added Member To Class: ClassName=sch Member=Component U9 PC817
Added Member To Class: ClassName=sch Member=Component U10 7809
Added Member To Class: ClassName=sch Member=Component VR1 10K
Added Room: Name=sch
