Removed Pin From Net: NetName=5V Pin=J7-1
Removed Pin From Net: NetName=5V Pin=J7-2
Removed Pin From Net: NetName=5V Pin=J7-3
Removed Pin From Net: NetName=5V Pin=J8-1
Removed Pin From Net: NetName=5V Pin=J8-2
Removed Pin From Net: NetName=GND Pin=J8-3
Removed Pin From Net: NetName=GND Pin=J9-1
Removed Pin From Net: NetName=GND Pin=J9-2
Removed Pin From Net: NetName=GND Pin=J9-3
Removed Member From Class: ClassName=sch Member=J7
Removed Member From Class: ClassName=sch Member=J8
Removed Member From Class: ClassName=sch Member=J9
Added Component: Designator=BT1(jp2h)
Add component (AddParameter): Name = "Value"; Value = "JP 2"; VariantName = "[No Variations]"
Added Component: Designator=J15(691214110003)
Add component (AddParameter): Name = "Availability"; Value = "In Stock"; VariantName = "[No Variations]"
Add component (AddParameter): Name = "Check_prices"; Value = "https://www.snapeda.com/parts/691214110003/Wurth+Elektronik/view-part/?ref=eda"; VariantName = "[No Variations]"
Add component (AddParameter): Name = "MF"; Value = "Wurth Elektronik"; VariantName = "[No Variations]"
Add component (AddParameter): Name = "MP"; Value = "691214110003"; VariantName = "[No Variations]"
Add component (AddParameter): Name = "Package"; Value = "None"; VariantName = "[No Variations]"
Add component (AddParameter): Name = "Price"; Value = "None"; VariantName = "[No Variations]"
Add component (AddParameter): Name = "Purchase-URL"; Value = "https://pricing.snapeda.com/search/part/691214110003/?ref=eda"; VariantName = "[No Variations]"
Add component (AddParameter): Name = "SnapEDA_Link"; Value = "https://www.snapeda.com/parts/691214110003/Wurth+Elektronik/view-part/?ref=snap"; VariantName = "[No Variations]"
Add component (AddParameter): Name = "Value"; Value = ""; VariantName = "[No Variations]"
Added Component: Designator=J?(jp2h)
Add component (AddParameter): Name = "Value"; Value = "JP 2"; VariantName = "[No Variations]"
Added Component: Designator=LCD?(JP9-C1T)
Add component (AddParameter): Name = "ComponentLink1 Description"; Value = "Manufacturer"; VariantName = "[No Variations]"
Add component (AddParameter): Name = "ComponentLink1URL"; Value = "http://www.we-online.com"; VariantName = "[No Variations]"
Add component (AddParameter): Name = "ComponentLink2 Description"; Value = "Datasheet"; VariantName = "[No Variations]"
Add component (AddParameter): Name = "ComponentLink2URL"; Value = "http://katalog.we-online.de/em/datasheet/6130xx143121.pdf"; VariantName = "[No Variations]"
Add component (AddParameter): Name = "Created by"; Value = "Karrer Zheng"; VariantName = "[No Variations]"
Add component (AddParameter): Name = "Created Date"; Value = "29 March 2013"; VariantName = "[No Variations]"
Add component (AddParameter): Name = "Manufacturer"; Value = "W¨¹rth Elektronik eiSos GmbH"; VariantName = "[No Variations]"
Add component (AddParameter): Name = "NoPins"; Value = "09"; VariantName = "[No Variations]"
Add component (AddParameter): Name = "partNo"; Value = "613009143121"; VariantName = "[No Variations]"
Added Component: Designator=R25(R1/4W)
Add component (AddParameter): Name = "Value"; Value = "R1/4W - 1K"; VariantName = "[No Variations]"
Added Component: Designator=VR1(VR)
Add component (AddParameter): Name = "Value"; Value = "VR 10K"; VariantName = "[No Variations]"
Added Pin To Net: NetName=GND Pin=BT1-1
Added Pin To Net: NetName=12V Pin=J15-1
Added Pin To Net: NetName=12V Pin=J15-2
Added Pin To Net: NetName=GND Pin=J15-3
Added Pin To Net: NetName=GND Pin=J?-1
Added Pin To Net: NetName=5VSTM Pin=LCD?-1
Added Pin To Net: NetName=GND Pin=LCD?-2
Added Pin To Net: NetName=GND Pin=VR1-1
Added Pin To Net: NetName=12V Pin=VR1-3
Added Pin To Net: NetName=3V3 Pin=LCD?-8
Added Pin To Net: NetName=3V3 Pin=R25-2
Added Pin To Net: NetName=3V3 Pin=STM1-40
Added Net: Name=3V3
Added Pin To Net: NetName=CS Pin=LCD?-3
Added Pin To Net: NetName=CS Pin=STM1-37
Added Net: Name=CS
Added Pin To Net: NetName=DC Pin=LCD?-5
Added Pin To Net: NetName=DC Pin=STM1-36
Added Net: Name=DC
Added Pin To Net: NetName=Itr_BT Pin=BT1-2
Added Pin To Net: NetName=Itr_BT Pin=R25-1
Added Pin To Net: NetName=Itr_BT Pin=STM1-16
Added Net: Name=Itr_BT
Added Pin To Net: NetName=MISO Pin=LCD?-9
Added Pin To Net: NetName=MISO Pin=STM1-23
Added Net: Name=MISO
Added Pin To Net: NetName=MOSI Pin=LCD?-6
Added Pin To Net: NetName=MOSI Pin=STM1-24
Added Net: Name=MOSI
Added Pin To Net: NetName=NetJ?_2 Pin=J?-2
Added Pin To Net: NetName=NetJ?_2 Pin=VR1-2
Added Net: Name=NetJ?_2
Added Pin To Net: NetName=RST Pin=LCD?-4
Added Pin To Net: NetName=RST Pin=STM1-21
Added Net: Name=RST
Added Pin To Net: NetName=SCK Pin=LCD?-7
Added Pin To Net: NetName=SCK Pin=STM1-22
Added Net: Name=SCK
Added Member To Class: ClassName=sch Member=Component BT1 Jumper 2
Added Member To Class: ClassName=sch Member=Component J15 Terminals
Added Member To Class: ClassName=sch Member=Component J? Jumper 2
Added Member To Class: ClassName=sch Member=Component LCD? LCD TFT 2.2
Added Member To Class: ClassName=sch Member=Component R25 1k
Added Member To Class: ClassName=sch Member=Component VR1 10K
