Added Component: Designator=C1(CP1.5/3.4)
Add component (AddParameter): Name = "Description 1"; Value = "1000uF/6,3V - 470uF/16V - 330uF - 25V"; VariantName = "[No Variations]"
Add component (AddParameter): Name = "Description 2"; Value = "220uF/35V - 100uF/50V - 63V - 4,7uF/200V"; VariantName = "[No Variations]"
Add component (AddParameter): Name = "Description 3"; Value = "22uF => 33uF100V - 3,3uF => 4,7uF/250V"; VariantName = "[No Variations]"
Add component (AddParameter): Name = "Description 4"; Value = "2,2uF =>3,3uF/350 - 2,2uF/400V - 1uF/450V"; VariantName = "[No Variations]"
Add component (AddParameter): Name = "Value"; Value = "100uF/35V/50V"; VariantName = "[No Variations]"
Added Component: Designator=C2(CP1.5/3.4)
Add component (AddParameter): Name = "Description 1"; Value = "1000uF/6,3V - 470uF/16V - 330uF - 25V"; VariantName = "[No Variations]"
Add component (AddParameter): Name = "Description 2"; Value = "220uF/35V - 100uF/50V - 63V - 4,7uF/200V"; VariantName = "[No Variations]"
Add component (AddParameter): Name = "Description 3"; Value = "22uF => 33uF100V - 3,3uF => 4,7uF/250V"; VariantName = "[No Variations]"
Add component (AddParameter): Name = "Description 4"; Value = "2,2uF =>3,3uF/350 - 2,2uF/400V - 1uF/450V"; VariantName = "[No Variations]"
Add component (AddParameter): Name = "Value"; Value = "100uF/35V/50V"; VariantName = "[No Variations]"
Added Component: Designator=C3(CN2)
Add component (AddParameter): Name = "Value"; Value = "0.1uF"; VariantName = "[No Variations]"
Added Component: Designator=C4(CN2)
Add component (AddParameter): Name = "Value"; Value = "0.1uF"; VariantName = "[No Variations]"
Added Component: Designator=C5(CN2)
Add component (AddParameter): Name = "Value"; Value = "0.1uF"; VariantName = "[No Variations]"
Added Component: Designator=IC1(QTO-220)
Add component (AddParameter): Name = "Value"; Value = "LM7805"; VariantName = "[No Variations]"
Added Component: Designator=J1(JST_B4B-XH-A(LF)(SN))
Add component (AddParameter): Name = "Availability"; Value = "Unavailable"; VariantName = "[No Variations]"
Add component (AddParameter): Name = "MF"; Value = ""; VariantName = "[No Variations]"
Add component (AddParameter): Name = "MP"; Value = "B4B-XH-A(LF)(SN)"; VariantName = "[No Variations]"
Add component (AddParameter): Name = "Package"; Value = "None"; VariantName = "[No Variations]"
Add component (AddParameter): Name = "Price"; Value = "None"; VariantName = "[No Variations]"
Add component (AddParameter): Name = "Value"; Value = ""; VariantName = "[No Variations]"
Added Component: Designator=J2(JST_B4B-XH-A(LF)(SN))
Add component (AddParameter): Name = "Availability"; Value = "Unavailable"; VariantName = "[No Variations]"
Add component (AddParameter): Name = "MF"; Value = ""; VariantName = "[No Variations]"
Add component (AddParameter): Name = "MP"; Value = "B4B-XH-A(LF)(SN)"; VariantName = "[No Variations]"
Add component (AddParameter): Name = "Package"; Value = "None"; VariantName = "[No Variations]"
Add component (AddParameter): Name = "Price"; Value = "None"; VariantName = "[No Variations]"
Add component (AddParameter): Name = "Value"; Value = ""; VariantName = "[No Variations]"
Added Component: Designator=J3(JST_B4B-XH-A(LF)(SN))
Add component (AddParameter): Name = "Availability"; Value = "Unavailable"; VariantName = "[No Variations]"
Add component (AddParameter): Name = "MF"; Value = ""; VariantName = "[No Variations]"
Add component (AddParameter): Name = "MP"; Value = "B4B-XH-A(LF)(SN)"; VariantName = "[No Variations]"
Add component (AddParameter): Name = "Package"; Value = "None"; VariantName = "[No Variations]"
Add component (AddParameter): Name = "Price"; Value = "None"; VariantName = "[No Variations]"
Add component (AddParameter): Name = "Value"; Value = ""; VariantName = "[No Variations]"
Added Component: Designator=J4(JST_B4B-XH-A(LF)(SN))
Add component (AddParameter): Name = "Availability"; Value = "Unavailable"; VariantName = "[No Variations]"
Add component (AddParameter): Name = "MF"; Value = ""; VariantName = "[No Variations]"
Add component (AddParameter): Name = "MP"; Value = "B4B-XH-A(LF)(SN)"; VariantName = "[No Variations]"
Add component (AddParameter): Name = "Package"; Value = "None"; VariantName = "[No Variations]"
Add component (AddParameter): Name = "Price"; Value = "None"; VariantName = "[No Variations]"
Add component (AddParameter): Name = "Value"; Value = ""; VariantName = "[No Variations]"
Added Component: Designator=J5(691214110003)
Add component (AddParameter): Name = "Availability"; Value = "In Stock"; VariantName = "[No Variations]"
Add component (AddParameter): Name = "Check_prices"; Value = "https://www.snapeda.com/parts/691214110003/Wurth+Elektronik/view-part/?ref=eda"; VariantName = "[No Variations]"
Add component (AddParameter): Name = "MF"; Value = "Wurth Elektronik"; VariantName = "[No Variations]"
Add component (AddParameter): Name = "MP"; Value = "691214110003"; VariantName = "[No Variations]"
Add component (AddParameter): Name = "Package"; Value = "None"; VariantName = "[No Variations]"
Add component (AddParameter): Name = "Price"; Value = "None"; VariantName = "[No Variations]"
Add component (AddParameter): Name = "Purchase-URL"; Value = "https://pricing.snapeda.com/search/part/691214110003/?ref=eda"; VariantName = "[No Variations]"
Add component (AddParameter): Name = "SnapEDA_Link"; Value = "https://www.snapeda.com/parts/691214110003/Wurth+Elektronik/view-part/?ref=snap"; VariantName = "[No Variations]"
Add component (AddParameter): Name = "Value"; Value = ""; VariantName = "[No Variations]"
Added Component: Designator=JDC(DC-IN)
Add component (AddParameter): Name = "Value"; Value = "Jac DC"; VariantName = "[No Variations]"
Added Component: Designator=R1(R1/4W)
Add component (AddParameter): Name = "Value"; Value = "R1/4W - 1K"; VariantName = "[No Variations]"
Added Component: Designator=R2(R1/4W)
Add component (AddParameter): Name = "Value"; Value = "R1/4W - 1K"; VariantName = "[No Variations]"
Added Component: Designator=R3(R1/4W)
Add component (AddParameter): Name = "Value"; Value = "R1/4W - 1K"; VariantName = "[No Variations]"
Added Component: Designator=R4(R1/4W)
Add component (AddParameter): Name = "Value"; Value = "R1/4W - 1K"; VariantName = "[No Variations]"
Added Component: Designator=R5(R1/4W)
Add component (AddParameter): Name = "Value"; Value = "R1/4W - 1K"; VariantName = "[No Variations]"
Added Component: Designator=R6(R1/4W)
Add component (AddParameter): Name = "Value"; Value = "R1/4W - 1K"; VariantName = "[No Variations]"
Added Component: Designator=R7(R1/4W)
Add component (AddParameter): Name = "Value"; Value = "R1/4W - 1K"; VariantName = "[No Variations]"
Added Component: Designator=R8(R1/4W)
Add component (AddParameter): Name = "Value"; Value = "R1/4W - 1K"; VariantName = "[No Variations]"
Added Component: Designator=R9(R1/4W)
Add component (AddParameter): Name = "Value"; Value = "R1/4W - 1K"; VariantName = "[No Variations]"
Added Component: Designator=R10(R1/4W)
Add component (AddParameter): Name = "Value"; Value = "R1/4W - 1K"; VariantName = "[No Variations]"
Added Component: Designator=R11(R1/4W)
Add component (AddParameter): Name = "Value"; Value = "R1/4W - 1K"; VariantName = "[No Variations]"
Added Component: Designator=R12(R1/4W)
Add component (AddParameter): Name = "Value"; Value = "R1/4W - 1K"; VariantName = "[No Variations]"
Added Component: Designator=R13(R1/4W)
Add component (AddParameter): Name = "Value"; Value = "R1/4W - 1K"; VariantName = "[No Variations]"
Added Component: Designator=R14(R1/4W)
Add component (AddParameter): Name = "Value"; Value = "R1/4W - 1K"; VariantName = "[No Variations]"
Added Component: Designator=R15(R1/4W)
Add component (AddParameter): Name = "Value"; Value = "R1/4W - 1K"; VariantName = "[No Variations]"
Added Component: Designator=R16(R1/4W)
Add component (AddParameter): Name = "Value"; Value = "R1/4W - 1K"; VariantName = "[No Variations]"
Added Component: Designator=R17(R1/4W)
Add component (AddParameter): Name = "Value"; Value = "R1/4W - 1K"; VariantName = "[No Variations]"
Added Component: Designator=R18(R1/4W)
Add component (AddParameter): Name = "Value"; Value = "R1/4W - 1K"; VariantName = "[No Variations]"
Added Component: Designator=STM1(STM32F103)
Added Component: Designator=T1(HDR1X4H)
Add component (AddParameter): Name = "Creator"; Value = "Nguyen Ba Bien"; VariantName = "[No Variations]"
Add component (AddParameter): Name = "Date Created"; Value = "14-04-2010"; VariantName = "[No Variations]"
Added Component: Designator=TMC1(TMC2209)
Added Component: Designator=TMC2(TMC2209)
Added Component: Designator=TMC3(TMC2209)
Added Component: Designator=TMC4(TMC2209)
Added Component: Designator=U1(DIP4/W0.3)
Add component (AddParameter): Name = "Value"; Value = "PC817"; VariantName = "[No Variations]"
Added Component: Designator=U2(DIP4/W0.3)
Add component (AddParameter): Name = "Value"; Value = "PC817"; VariantName = "[No Variations]"
Added Component: Designator=U3(DIP4/W0.3)
Add component (AddParameter): Name = "Value"; Value = "PC817"; VariantName = "[No Variations]"
Added Component: Designator=U4(DIP4/W0.3)
Add component (AddParameter): Name = "Value"; Value = "PC817"; VariantName = "[No Variations]"
Added Component: Designator=U5(DIP4/W0.3)
Add component (AddParameter): Name = "Value"; Value = "PC817"; VariantName = "[No Variations]"
Added Component: Designator=U6(DIP4/W0.3)
Add component (AddParameter): Name = "Value"; Value = "PC817"; VariantName = "[No Variations]"
Added Component: Designator=U7(DIP4/W0.3)
Add component (AddParameter): Name = "Value"; Value = "PC817"; VariantName = "[No Variations]"
Added Component: Designator=U8(DIP4/W0.3)
Add component (AddParameter): Name = "Value"; Value = "PC817"; VariantName = "[No Variations]"
Added Component: Designator=U9(DIP4/W0.3)
Add component (AddParameter): Name = "Value"; Value = "PC817"; VariantName = "[No Variations]"
Added Component: Designator=U10(HDR1x3 BIG)
Add component (AddParameter): Name = "ComponentLink1Description"; Value = "Manufacturer Link"; VariantName = "[No Variations]"
Add component (AddParameter): Name = "ComponentLink1URL"; Value = "http://www.st.com/"; VariantName = "[No Variations]"
Add component (AddParameter): Name = "ComponentLink2Description"; Value = "Datasheet"; VariantName = "[No Variations]"
Add component (AddParameter): Name = "ComponentLink2URL"; Value = "http://www.st.com/stonline/products/literature/ds/2146/l78m05c.pdf"; VariantName = "[No Variations]"
Add component (AddParameter): Name = "DatasheetVersion"; Value = "Apr-1994"; VariantName = "[No Variations]"
Add component (AddParameter): Name = "LatestRevisionDate"; Value = "17-Jul-2002"; VariantName = "[No Variations]"
Add component (AddParameter): Name = "LatestRevisionNote"; Value = "Re-released for DXP Platform."; VariantName = "[No Variations]"
Add component (AddParameter): Name = "Note"; Value = "Tab is connected to pin 3 (GND)."; VariantName = "[No Variations]"
Add component (AddParameter): Name = "PackageDescription"; Value = "SIP; 3 Leads; Body 10.9 x 7.6 x 2.6 mm (typ); Pitch 2.2 mm"; VariantName = "[No Variations]"
Add component (AddParameter): Name = "PackageReference"; Value = "SOT82C"; VariantName = "[No Variations]"
Add component (AddParameter): Name = "Published"; Value = "24-Aug-2001"; VariantName = "[No Variations]"
Add component (AddParameter): Name = "Publisher"; Value = "Altium Limited"; VariantName = "[No Variations]"
Added Pin To Net: NetName=12V Pin=C1-1
Added Pin To Net: NetName=NetC1_2 Pin=C1-2
Added Pin To Net: NetName=5V Pin=C2-1
Added Pin To Net: NetName=NetC1_2 Pin=C2-2
Added Pin To Net: NetName=NetC1_2 Pin=C3-1
Added Pin To Net: NetName=12V Pin=C3-2
Added Pin To Net: NetName=NetC1_2 Pin=C4-1
Added Pin To Net: NetName=NetC4_2 Pin=C4-2
Added Pin To Net: NetName=NetC1_2 Pin=C5-1
Added Pin To Net: NetName=5V Pin=C5-2
Added Pin To Net: NetName=NetC4_2 Pin=IC1-1
Added Pin To Net: NetName=NetC1_2 Pin=IC1-2
Added Pin To Net: NetName=5V Pin=IC1-3
Added Pin To Net: NetName=NetJ1_1 Pin=J1-1
Added Pin To Net: NetName=NetJ1_2 Pin=J1-2
Added Pin To Net: NetName=NetJ1_3 Pin=J1-3
Added Pin To Net: NetName=NetJ1_4 Pin=J1-4
Added Pin To Net: NetName=NetJ2_1 Pin=J2-1
Added Pin To Net: NetName=NetJ2_2 Pin=J2-2
Added Pin To Net: NetName=NetJ2_3 Pin=J2-3
Added Pin To Net: NetName=NetJ2_4 Pin=J2-4
Added Pin To Net: NetName=NetJ3_1 Pin=J3-1
Added Pin To Net: NetName=NetJ3_2 Pin=J3-2
Added Pin To Net: NetName=NetJ3_3 Pin=J3-3
Added Pin To Net: NetName=NetJ3_4 Pin=J3-4
Added Pin To Net: NetName=NetJ4_1 Pin=J4-1
Added Pin To Net: NetName=NetJ4_2 Pin=J4-2
Added Pin To Net: NetName=NetJ4_3 Pin=J4-3
Added Pin To Net: NetName=NetJ4_4 Pin=J4-4
Added Pin To Net: NetName=Itr_X Pin=J5-1
Added Pin To Net: NetName=Itr_Y Pin=J5-2
Added Pin To Net: NetName=Itr_Z Pin=J5-3
Added Pin To Net: NetName=12V Pin=JDC-1
Added Pin To Net: NetName=NetC1_2 Pin=JDC-2
Added Pin To Net: NetName=NetC1_2 Pin=JDC-3
Added Pin To Net: NetName=A0 Pin=R1-1
Added Pin To Net: NetName=NetR1_2 Pin=R1-2
Added Pin To Net: NetName=DirX Pin=R2-1
Added Pin To Net: NetName=GND Pin=R2-2
Added Pin To Net: NetName=A4 Pin=R3-1
Added Pin To Net: NetName=NetR3_2 Pin=R3-2
Added Pin To Net: NetName=DirZ Pin=R4-1
Added Pin To Net: NetName=GND Pin=R4-2
Added Pin To Net: NetName=A1 Pin=R5-1
Added Pin To Net: NetName=NetR5_2 Pin=R5-2
Added Pin To Net: NetName=StepX Pin=R6-1
Added Pin To Net: NetName=GND Pin=R6-2
Added Pin To Net: NetName=A5 Pin=R7-1
Added Pin To Net: NetName=NetR7_2 Pin=R7-2
Added Pin To Net: NetName=StepZ Pin=R8-1
Added Pin To Net: NetName=GND Pin=R8-2
Added Pin To Net: NetName=A2 Pin=R9-1
Added Pin To Net: NetName=NetR9_2 Pin=R9-2
Added Pin To Net: NetName=DirY Pin=R10-1
Added Pin To Net: NetName=GND Pin=R10-2
Added Pin To Net: NetName=A6 Pin=R11-1
Added Pin To Net: NetName=NetR11_2 Pin=R11-2
Added Pin To Net: NetName=DirB Pin=R12-1
Added Pin To Net: NetName=GND Pin=R12-2
Added Pin To Net: NetName=A3 Pin=R13-1
Added Pin To Net: NetName=NetR13_2 Pin=R13-2
Added Pin To Net: NetName=StepY Pin=R14-1
Added Pin To Net: NetName=GND Pin=R14-2
Added Pin To Net: NetName=A7 Pin=R15-1
Added Pin To Net: NetName=NetR15_2 Pin=R15-2
Added Pin To Net: NetName=StepB Pin=R16-1
Added Pin To Net: NetName=GND Pin=R16-2
Added Pin To Net: NetName=A8 Pin=R17-1
Added Pin To Net: NetName=NetR17_2 Pin=R17-2
Added Pin To Net: NetName=MS1_Z Pin=R18-1
Added Pin To Net: NetName=GND Pin=R18-2
Added Pin To Net: NetName=A0 Pin=STM1-5
Added Pin To Net: NetName=A1 Pin=STM1-6
Added Pin To Net: NetName=A2 Pin=STM1-7
Added Pin To Net: NetName=A3 Pin=STM1-8
Added Pin To Net: NetName=A4 Pin=STM1-9
Added Pin To Net: NetName=A5 Pin=STM1-10
Added Pin To Net: NetName=A6 Pin=STM1-11
Added Pin To Net: NetName=A7 Pin=STM1-12
Added Pin To Net: NetName=Itr_X Pin=STM1-13
Added Pin To Net: NetName=Itr_Y Pin=STM1-14
Added Pin To Net: NetName=A8 Pin=STM1-25
Added Pin To Net: NetName=TX1 Pin=STM1-26
Added Pin To Net: NetName=RX1 Pin=STM1-27
Added Pin To Net: NetName=Itr_Z Pin=STM1-31
Added Pin To Net: NetName=5VSTM Pin=STM1-38
Added Pin To Net: NetName=GND Pin=STM1-39
Added Pin To Net: NetName=5VSTM Pin=T1-1
Added Pin To Net: NetName=GND Pin=T1-2
Added Pin To Net: NetName=TX1 Pin=T1-3
Added Pin To Net: NetName=RX1 Pin=T1-4
Added Pin To Net: NetName=GND Pin=TMC1-1
Added Pin To Net: NetName=5V Pin=TMC1-2
Added Pin To Net: NetName=NetJ1_4 Pin=TMC1-3
Added Pin To Net: NetName=NetJ1_3 Pin=TMC1-4
Added Pin To Net: NetName=NetJ1_2 Pin=TMC1-5
Added Pin To Net: NetName=NetJ1_1 Pin=TMC1-6
Added Pin To Net: NetName=GND Pin=TMC1-7
Added Pin To Net: NetName=12V Pin=TMC1-8
Added Pin To Net: NetName=GND Pin=TMC1-11
Added Pin To Net: NetName=StepX Pin=TMC1-17
Added Pin To Net: NetName=DirX Pin=TMC1-18
Added Pin To Net: NetName=GND Pin=TMC2-1
Added Pin To Net: NetName=5V Pin=TMC2-2
Added Pin To Net: NetName=NetJ2_4 Pin=TMC2-3
Added Pin To Net: NetName=NetJ2_3 Pin=TMC2-4
Added Pin To Net: NetName=NetJ2_2 Pin=TMC2-5
Added Pin To Net: NetName=NetJ2_1 Pin=TMC2-6
Added Pin To Net: NetName=GND Pin=TMC2-7
Added Pin To Net: NetName=12V Pin=TMC2-8
Added Pin To Net: NetName=GND Pin=TMC2-11
Added Pin To Net: NetName=MS1_Z Pin=TMC2-12
Added Pin To Net: NetName=StepZ Pin=TMC2-17
Added Pin To Net: NetName=DirZ Pin=TMC2-18
Added Pin To Net: NetName=GND Pin=TMC3-1
Added Pin To Net: NetName=5V Pin=TMC3-2
Added Pin To Net: NetName=NetJ3_4 Pin=TMC3-3
Added Pin To Net: NetName=NetJ3_3 Pin=TMC3-4
Added Pin To Net: NetName=NetJ3_2 Pin=TMC3-5
Added Pin To Net: NetName=NetJ3_1 Pin=TMC3-6
Added Pin To Net: NetName=GND Pin=TMC3-7
Added Pin To Net: NetName=12V Pin=TMC3-8
Added Pin To Net: NetName=GND Pin=TMC3-11
Added Pin To Net: NetName=StepY Pin=TMC3-17
Added Pin To Net: NetName=DirY Pin=TMC3-18
Added Pin To Net: NetName=GND Pin=TMC4-1
Added Pin To Net: NetName=5V Pin=TMC4-2
Added Pin To Net: NetName=NetJ4_4 Pin=TMC4-3
Added Pin To Net: NetName=NetJ4_3 Pin=TMC4-4
Added Pin To Net: NetName=NetJ4_2 Pin=TMC4-5
Added Pin To Net: NetName=NetJ4_1 Pin=TMC4-6
Added Pin To Net: NetName=GND Pin=TMC4-7
Added Pin To Net: NetName=12V Pin=TMC4-8
Added Pin To Net: NetName=GND Pin=TMC4-11
Added Pin To Net: NetName=StepB Pin=TMC4-17
Added Pin To Net: NetName=DirB Pin=TMC4-18
Added Pin To Net: NetName=NetR1_2 Pin=U1-1
Added Pin To Net: NetName=GND Pin=U1-2
Added Pin To Net: NetName=DirX Pin=U1-3
Added Pin To Net: NetName=5V Pin=U1-4
Added Pin To Net: NetName=NetR3_2 Pin=U2-1
Added Pin To Net: NetName=GND Pin=U2-2
Added Pin To Net: NetName=DirZ Pin=U2-3
Added Pin To Net: NetName=5V Pin=U2-4
Added Pin To Net: NetName=NetR5_2 Pin=U3-1
Added Pin To Net: NetName=GND Pin=U3-2
Added Pin To Net: NetName=StepX Pin=U3-3
Added Pin To Net: NetName=5V Pin=U3-4
Added Pin To Net: NetName=NetR7_2 Pin=U4-1
Added Pin To Net: NetName=GND Pin=U4-2
Added Pin To Net: NetName=StepZ Pin=U4-3
Added Pin To Net: NetName=5V Pin=U4-4
Added Pin To Net: NetName=NetR9_2 Pin=U5-1
Added Pin To Net: NetName=GND Pin=U5-2
Added Pin To Net: NetName=DirY Pin=U5-3
Added Pin To Net: NetName=5V Pin=U5-4
Added Pin To Net: NetName=NetR11_2 Pin=U6-1
Added Pin To Net: NetName=GND Pin=U6-2
Added Pin To Net: NetName=DirB Pin=U6-3
Added Pin To Net: NetName=5V Pin=U6-4
Added Pin To Net: NetName=NetR13_2 Pin=U7-1
Added Pin To Net: NetName=GND Pin=U7-2
Added Pin To Net: NetName=StepY Pin=U7-3
Added Pin To Net: NetName=5V Pin=U7-4
Added Pin To Net: NetName=NetR15_2 Pin=U8-1
Added Pin To Net: NetName=GND Pin=U8-2
Added Pin To Net: NetName=StepB Pin=U8-3
Added Pin To Net: NetName=5V Pin=U8-4
Added Pin To Net: NetName=NetR17_2 Pin=U9-1
Added Pin To Net: NetName=GND Pin=U9-2
Added Pin To Net: NetName=MS1_Z Pin=U9-3
Added Pin To Net: NetName=5V Pin=U9-4
Added Pin To Net: NetName=12V Pin=U10-1
Added Pin To Net: NetName=NetC1_2 Pin=U10-2
Added Pin To Net: NetName=NetC4_2 Pin=U10-3
Added Member To Class: ClassName=sch Member=Component C1 100uF
Added Member To Class: ClassName=sch Member=Component C2 100uF
Added Member To Class: ClassName=sch Member=Component C3 100nF
Added Member To Class: ClassName=sch Member=Component C4 100nF
Added Member To Class: ClassName=sch Member=Component C5 100nF
Added Member To Class: ClassName=sch Member=Component IC1 LM7805
Added Member To Class: ClassName=sch Member=Component J1 B4B-XH-A
Added Member To Class: ClassName=sch Member=Component J2 B4B-XH-A
Added Member To Class: ClassName=sch Member=Component J3 B4B-XH-A
Added Member To Class: ClassName=sch Member=Component J4 B4B-XH-A
Added Member To Class: ClassName=sch Member=Component J5 Terminals
Added Member To Class: ClassName=sch Member=Component JDC Jac DC
Added Member To Class: ClassName=sch Member=Component R1 1k
Added Member To Class: ClassName=sch Member=Component R2 1k
Added Member To Class: ClassName=sch Member=Component R3 1k
Added Member To Class: ClassName=sch Member=Component R4 1k
Added Member To Class: ClassName=sch Member=Component R5 1k
Added Member To Class: ClassName=sch Member=Component R6 1k
Added Member To Class: ClassName=sch Member=Component R7 1k
Added Member To Class: ClassName=sch Member=Component R8 1k
Added Member To Class: ClassName=sch Member=Component R9 1k
Added Member To Class: ClassName=sch Member=Component R10 1k
Added Member To Class: ClassName=sch Member=Component R11 1k
Added Member To Class: ClassName=sch Member=Component R12 1k
Added Member To Class: ClassName=sch Member=Component R13 1k
Added Member To Class: ClassName=sch Member=Component R14 1k
Added Member To Class: ClassName=sch Member=Component R15 1k
Added Member To Class: ClassName=sch Member=Component R16 1k
Added Member To Class: ClassName=sch Member=Component R17 1k
Added Member To Class: ClassName=sch Member=Component R18 1k
Added Member To Class: ClassName=sch Member=Component STM1 stm32f103c8t6
Added Member To Class: ClassName=sch Member=Component T1 UART
Added Member To Class: ClassName=sch Member=Component TMC1 tmc2209
Added Member To Class: ClassName=sch Member=Component TMC2 tmc2209
Added Member To Class: ClassName=sch Member=Component TMC3 tmc2209
Added Member To Class: ClassName=sch Member=Component TMC4 tmc2209
Added Member To Class: ClassName=sch Member=Component U1 PC817
Added Member To Class: ClassName=sch Member=Component U2 PC817
Added Member To Class: ClassName=sch Member=Component U3 PC817
Added Member To Class: ClassName=sch Member=Component U4 PC817
Added Member To Class: ClassName=sch Member=Component U5 PC817
Added Member To Class: ClassName=sch Member=Component U6 PC817
Added Member To Class: ClassName=sch Member=Component U7 PC817
Added Member To Class: ClassName=sch Member=Component U8 PC817
Added Member To Class: ClassName=sch Member=Component U9 PC817
Added Member To Class: ClassName=sch Member=Component U10 7809
Added Room: Name=sch
